<?xml version="1.0" encoding="UTF-8"?>
<!-- Generated by org.testng.reporters.JUnitXMLReporter -->
<testsuite ignored="0" hostname="xiaohe0128" failures="0" tests="6" name="test1" time="260.555" errors="0" timestamp="30 9月 2024 02:12:08 GMT">
  <testcase classname="com.xiaohe.testcase.unittest.LoginTest" name="loginWithoutUsername" time="0.421"/>
  <testcase classname="com.xiaohe.testcase.unittest.LoginTest" name="loginWithoutPassword" time="0.37"/>
  <testcase classname="com.xiaohe.testcase.unittest.LoginTest" name="loginWithoutProtocol" time="0.426"/>
  <testcase classname="com.xiaohe.testcase.unittest.LoginTest" name="slideDown" time="0.216"/>
  <testcase classname="com.xiaohe.testcase.unittest.LoginTest" name="slideUp" time="0.256"/>
  <testcase classname="com.xiaohe.testcase.unittest.LoginTest" name="verifylogin" time="256.136"/>
</testsuite> <!-- test1 -->
