<?xml version="1.0" encoding="UTF-8"?>
<testsuite xmlns:xsi="http://www.w3.org/2001/XMLSchema-instance" xsi:noNamespaceSchemaLocation="https://maven.apache.org/surefire/maven-surefire-plugin/xsd/surefire-test-report.xsd" name="com.xiaohe.testcase.LoginTest" time="5.046" tests="6" errors="0" skipped="0" failures="4">
  <properties>
[...]
</properties>
  <testcase name="loginWithoutUsername" classname="com.xiaohe.testcase.LoginTest" time="0.169">
    <failure message="expected [璇疯緭鍏ョ敤鎴峰悕鍜屽瘑鐮� ] but found [请输入用户名和密码 ]" type="java.lang.AssertionError">java.lang.AssertionError: expected [璇疯緭鍏ョ敤鎴峰悕鍜屽瘑鐮� ] but found [请输入用户名和密码 ]
	at com.xiaohe.testcase.LoginTest.loginWithoutUsername(LoginTest.java:47)
</failure>
  </testcase>
  <testcase name="loginWithoutPassword" classname="com.xiaohe.testcase.LoginTest" time="0.107">
    <failure message="expected [璇疯緭鍏ョ敤鎴峰悕鍜屽瘑鐮� ] but found [ ]" type="java.lang.AssertionError">java.lang.AssertionError: expected [璇疯緭鍏ョ敤鎴峰悕鍜屽瘑鐮� ] but found [ ]
	at com.xiaohe.testcase.LoginTest.loginWithoutPassword(LoginTest.java:61)
</failure>
  </testcase>
  <testcase name="loginWithoutProtocol" classname="com.xiaohe.testcase.LoginTest" time="1.185">
    <failure message="element click intercepted: Element &lt;a data-v-0841e785=&quot;&quot; href=&quot;#&quot; class=&quot;btn&quot;&gt;...&lt;/a&gt; is not clickable at point (651, 488). Other element would receive the click: &lt;div data-v-72dfa45e=&quot;&quot; data-v-0841e785=&quot;&quot; class=&quot;slideVerify&quot;&gt;...&lt;/div&gt;&#10;  (Session info: chrome=129.0.6668.71)&#10;Build info: version: &apos;4.25.0&apos;, revision: &apos;8a8aea2337&apos;&#10;System info: os.name: &apos;Windows 11&apos;, os.arch: &apos;amd64&apos;, os.version: &apos;10.0&apos;, java.version: &apos;17.0.12&apos;&#10;Driver info: org.openqa.selenium.chrome.ChromeDriver&#10;Command: [a6eb2ced3cc6e45cac54d35f34ea38e8, clickElement {id=f.4B845B018B65515FF16F528EC5664EDD.d.AE391850737C176019B04D7A78CFFED9.e.49}]&#10;Capabilities {acceptInsecureCerts: false, browserName: chrome, browserVersion: 129.0.6668.71, chrome: {chromedriverVersion: 129.0.6668.70 (df87d5cf12b1..., userDataDir: C:\Users\何劲锋\AppData\Local\...}, fedcm:accounts: true, goog:chromeOptions: {debuggerAddress: localhost:50470}, networkConnectionEnabled: false, pageLoadStrategy: normal, platformName: windows, proxy: Proxy(), se:cdp: ws://localhost:50470/devtoo..., se:cdpVersion: 129.0.6668.71, setWindowRect: true, strictFileInteractability: false, timeouts: {implicit: 0, pageLoad: 300000, script: 30000}, unhandledPromptBehavior: dismiss and notify, webauthn:extension:credBlob: true, webauthn:extension:largeBlob: true, webauthn:extension:minPinLength: true, webauthn:extension:prf: true, webauthn:virtualAuthenticators: true}&#10;Element: [[ChromeDriver: chrome on windows (a6eb2ced3cc6e45cac54d35f34ea38e8)] -&gt; xpath: /html/body/div/div[2]/div/div/div[1]/div/div/div[3]/div/a]&#10;Session ID: a6eb2ced3cc6e45cac54d35f34ea38e8" type="org.openqa.selenium.ElementClickInterceptedException"><![CDATA[org.openqa.selenium.ElementClickInterceptedException: 
element click intercepted: Element <a data-v-0841e785="" href="#" class="btn">...</a> is not clickable at point (651, 488). Other element would receive the click: <div data-v-72dfa45e="" data-v-0841e785="" class="slideVerify">...</div>
  (Session info: chrome=129.0.6668.71)
Build info: version: '4.25.0', revision: '8a8aea2337'
System info: os.name: 'Windows 11', os.arch: 'amd64', os.version: '10.0', java.version: '17.0.12'
Driver info: org.openqa.selenium.chrome.ChromeDriver
Command: [a6eb2ced3cc6e45cac54d35f34ea38e8, clickElement {id=f.4B845B018B65515FF16F528EC5664EDD.d.AE391850737C176019B04D7A78CFFED9.e.49}]
Capabilities {acceptInsecureCerts: false, browserName: chrome, browserVersion: 129.0.6668.71, chrome: {chromedriverVersion: 129.0.6668.70 (df87d5cf12b1..., userDataDir: C:\Users\何劲锋\AppData\Local\...}, fedcm:accounts: true, goog:chromeOptions: {debuggerAddress: localhost:50470}, networkConnectionEnabled: false, pageLoadStrategy: normal, platformName: windows, proxy: Proxy(), se:cdp: ws://localhost:50470/devtoo..., se:cdpVersion: 129.0.6668.71, setWindowRect: true, strictFileInteractability: false, timeouts: {implicit: 0, pageLoad: 300000, script: 30000}, unhandledPromptBehavior: dismiss and notify, webauthn:extension:credBlob: true, webauthn:extension:largeBlob: true, webauthn:extension:minPinLength: true, webauthn:extension:prf: true, webauthn:virtualAuthenticators: true}
Element: [[ChromeDriver: chrome on windows (a6eb2ced3cc6e45cac54d35f34ea38e8)] -> xpath: /html/body/div/div[2]/div/div/div[1]/div/div/div[3]/div/a]
Session ID: a6eb2ced3cc6e45cac54d35f34ea38e8
	at com.xiaohe.testcase.LoginTest.loginWithoutProtocol(LoginTest.java:74)
]]></failure>
  </testcase>
  <testcase name="slideDown" classname="com.xiaohe.testcase.LoginTest" time="0.01"/>
  <testcase name="slideUp" classname="com.xiaohe.testcase.LoginTest" time="0.007"/>
  <testcase name="mousemove" classname="com.xiaohe.testcase.LoginTest" time="1.049">
    <failure message="element click intercepted: Element &lt;input data-v-551b3d6e=&quot;&quot; type=&quot;radio&quot; title=&quot;同意用户协议、隐私政策选择框&quot; class=&quot;iconfont radio checked&quot;&gt; is not clickable at point (521, 437). Other element would receive the click: &lt;img data-v-72dfa45e=&quot;&quot; id=&quot;bgImg&quot; class=&quot;img&quot; src=&quot;https://slide.ddimg.cn/e5978adf81944fd38cd392b0e5da8f88.jpg&quot;&gt;&#10;  (Session info: chrome=129.0.6668.71)&#10;Build info: version: &apos;4.25.0&apos;, revision: &apos;8a8aea2337&apos;&#10;System info: os.name: &apos;Windows 11&apos;, os.arch: &apos;amd64&apos;, os.version: &apos;10.0&apos;, java.version: &apos;17.0.12&apos;&#10;Driver info: org.openqa.selenium.chrome.ChromeDriver&#10;Command: [a6eb2ced3cc6e45cac54d35f34ea38e8, clickElement {id=f.4B845B018B65515FF16F528EC5664EDD.d.AE391850737C176019B04D7A78CFFED9.e.36}]&#10;Capabilities {acceptInsecureCerts: false, browserName: chrome, browserVersion: 129.0.6668.71, chrome: {chromedriverVersion: 129.0.6668.70 (df87d5cf12b1..., userDataDir: C:\Users\何劲锋\AppData\Local\...}, fedcm:accounts: true, goog:chromeOptions: {debuggerAddress: localhost:50470}, networkConnectionEnabled: false, pageLoadStrategy: normal, platformName: windows, proxy: Proxy(), se:cdp: ws://localhost:50470/devtoo..., se:cdpVersion: 129.0.6668.71, setWindowRect: true, strictFileInteractability: false, timeouts: {implicit: 0, pageLoad: 300000, script: 30000}, unhandledPromptBehavior: dismiss and notify, webauthn:extension:credBlob: true, webauthn:extension:largeBlob: true, webauthn:extension:minPinLength: true, webauthn:extension:prf: true, webauthn:virtualAuthenticators: true}&#10;Element: [[ChromeDriver: chrome on windows (a6eb2ced3cc6e45cac54d35f34ea38e8)] -&gt; xpath: /html/body/div/div[2]/div/div/div[1]/div/div/div[3]/div/div[4]/input]&#10;Session ID: a6eb2ced3cc6e45cac54d35f34ea38e8" type="org.openqa.selenium.ElementClickInterceptedException"><![CDATA[org.openqa.selenium.ElementClickInterceptedException: 
element click intercepted: Element <input data-v-551b3d6e="" type="radio" title="同意用户协议、隐私政策选择框" class="iconfont radio checked"> is not clickable at point (521, 437). Other element would receive the click: <img data-v-72dfa45e="" id="bgImg" class="img" src="https://slide.ddimg.cn/e5978adf81944fd38cd392b0e5da8f88.jpg">
  (Session info: chrome=129.0.6668.71)
Build info: version: '4.25.0', revision: '8a8aea2337'
System info: os.name: 'Windows 11', os.arch: 'amd64', os.version: '10.0', java.version: '17.0.12'
Driver info: org.openqa.selenium.chrome.ChromeDriver
Command: [a6eb2ced3cc6e45cac54d35f34ea38e8, clickElement {id=f.4B845B018B65515FF16F528EC5664EDD.d.AE391850737C176019B04D7A78CFFED9.e.36}]
Capabilities {acceptInsecureCerts: false, browserName: chrome, browserVersion: 129.0.6668.71, chrome: {chromedriverVersion: 129.0.6668.70 (df87d5cf12b1..., userDataDir: C:\Users\何劲锋\AppData\Local\...}, fedcm:accounts: true, goog:chromeOptions: {debuggerAddress: localhost:50470}, networkConnectionEnabled: false, pageLoadStrategy: normal, platformName: windows, proxy: Proxy(), se:cdp: ws://localhost:50470/devtoo..., se:cdpVersion: 129.0.6668.71, setWindowRect: true, strictFileInteractability: false, timeouts: {implicit: 0, pageLoad: 300000, script: 30000}, unhandledPromptBehavior: dismiss and notify, webauthn:extension:credBlob: true, webauthn:extension:largeBlob: true, webauthn:extension:minPinLength: true, webauthn:extension:prf: true, webauthn:virtualAuthenticators: true}
Element: [[ChromeDriver: chrome on windows (a6eb2ced3cc6e45cac54d35f34ea38e8)] -> xpath: /html/body/div/div[2]/div/div/div[1]/div/div/div[3]/div/div[4]/input]
Session ID: a6eb2ced3cc6e45cac54d35f34ea38e8
	at com.xiaohe.testcase.LoginTest.mousemove(LoginTest.java:94)
]]></failure>
  </testcase>
</testsuite>