<?xml version="1.0" encoding="UTF-8"?>
<testsuite xmlns:xsi="http://www.w3.org/2001/XMLSchema-instance" xsi:noNamespaceSchemaLocation="https://maven.apache.org/surefire/maven-surefire-plugin/xsd/surefire-test-report.xsd" name="TestSuite" time="13.833" tests="7" errors="0" skipped="0" failures="5">
  <properties>
[...]
</properties>
  <testcase name="shopping" classname="com.xiaohe.testcase.integrationtest.AddToCartTest" time="5.216">
    <failure message="Expected condition failed: waiting for visibility of element located by By.xpath: //*[@id=&quot;key_S&quot;] (tried for 5 second(s) with 500 milliseconds interval)&#10;Build info: version: &apos;4.25.0&apos;, revision: &apos;8a8aea2337&apos;&#10;System info: os.name: &apos;Windows 11&apos;, os.arch: &apos;amd64&apos;, os.version: &apos;10.0&apos;, java.version: &apos;17.0.12&apos;&#10;Driver info: org.openqa.selenium.chrome.ChromeDriver&#10;Capabilities {acceptInsecureCerts: false, browserName: chrome, browserVersion: 129.0.6668.71, chrome: {chromedriverVersion: 129.0.6668.70 (df87d5cf12b1..., userDataDir: C:\Users\何劲锋\AppData\Local\...}, fedcm:accounts: true, goog:chromeOptions: {debuggerAddress: localhost:50504}, networkConnectionEnabled: false, pageLoadStrategy: normal, platformName: windows, proxy: Proxy(), se:cdp: ws://localhost:50504/devtoo..., se:cdpVersion: 129.0.6668.71, setWindowRect: true, strictFileInteractability: false, timeouts: {implicit: 0, pageLoad: 300000, script: 30000}, unhandledPromptBehavior: dismiss and notify, webauthn:extension:credBlob: true, webauthn:extension:largeBlob: true, webauthn:extension:minPinLength: true, webauthn:extension:prf: true, webauthn:virtualAuthenticators: true}&#10;Session ID: 65f410485d0b0707bf30c4a7ac3d0d9d" type="org.openqa.selenium.TimeoutException">org.openqa.selenium.TimeoutException: 
Expected condition failed: waiting for visibility of element located by By.xpath: //*[@id="key_S"] (tried for 5 second(s) with 500 milliseconds interval)
Build info: version: '4.25.0', revision: '8a8aea2337'
System info: os.name: 'Windows 11', os.arch: 'amd64', os.version: '10.0', java.version: '17.0.12'
Driver info: org.openqa.selenium.chrome.ChromeDriver
Capabilities {acceptInsecureCerts: false, browserName: chrome, browserVersion: 129.0.6668.71, chrome: {chromedriverVersion: 129.0.6668.70 (df87d5cf12b1..., userDataDir: C:\Users\何劲锋\AppData\Local\...}, fedcm:accounts: true, goog:chromeOptions: {debuggerAddress: localhost:50504}, networkConnectionEnabled: false, pageLoadStrategy: normal, platformName: windows, proxy: Proxy(), se:cdp: ws://localhost:50504/devtoo..., se:cdpVersion: 129.0.6668.71, setWindowRect: true, strictFileInteractability: false, timeouts: {implicit: 0, pageLoad: 300000, script: 30000}, unhandledPromptBehavior: dismiss and notify, webauthn:extension:credBlob: true, webauthn:extension:largeBlob: true, webauthn:extension:minPinLength: true, webauthn:extension:prf: true, webauthn:virtualAuthenticators: true}
Session ID: 65f410485d0b0707bf30c4a7ac3d0d9d
	at com.xiaohe.testcase.integrationtest.AddToCartTest.shopping(AddToCartTest.java:44)
</failure>
  </testcase>
  <testcase name="loginWithoutUsername" classname="com.xiaohe.testcase.unitest.LoginTest" time="0.144">
    <failure message="expected [璇疯緭鍏ョ敤鎴峰悕鍜屽瘑鐮� ] but found [请输入用户名和密码 ]" type="java.lang.AssertionError">java.lang.AssertionError: expected [璇疯緭鍏ョ敤鎴峰悕鍜屽瘑鐮� ] but found [请输入用户名和密码 ]
	at com.xiaohe.testcase.unitest.LoginTest.loginWithoutUsername(LoginTest.java:56)
</failure>
  </testcase>
  <testcase name="loginWithoutPassword" classname="com.xiaohe.testcase.unitest.LoginTest" time="0.204">
    <failure message="expected [璇疯緭鍏ョ敤鎴峰悕鍜屽瘑鐮� ] but found [ ]" type="java.lang.AssertionError">java.lang.AssertionError: expected [璇疯緭鍏ョ敤鎴峰悕鍜屽瘑鐮� ] but found [ ]
	at com.xiaohe.testcase.unitest.LoginTest.loginWithoutPassword(LoginTest.java:71)
</failure>
  </testcase>
  <testcase name="loginWithoutProtocol" classname="com.xiaohe.testcase.unitest.LoginTest" time="1.186">
    <failure message="element click intercepted: Element &lt;a data-v-0841e785=&quot;&quot; href=&quot;#&quot; class=&quot;btn&quot;&gt;...&lt;/a&gt; is not clickable at point (1235, 488). Other element would receive the click: &lt;div data-v-72dfa45e=&quot;&quot; data-v-0841e785=&quot;&quot; class=&quot;slideVerify&quot;&gt;...&lt;/div&gt;&#10;  (Session info: chrome=129.0.6668.71)&#10;Build info: version: &apos;4.25.0&apos;, revision: &apos;8a8aea2337&apos;&#10;System info: os.name: &apos;Windows 11&apos;, os.arch: &apos;amd64&apos;, os.version: &apos;10.0&apos;, java.version: &apos;17.0.12&apos;&#10;Driver info: org.openqa.selenium.chrome.ChromeDriver&#10;Command: [65f410485d0b0707bf30c4a7ac3d0d9d, clickElement {id=f.8631957E2327A8FFA8C84ACA03002565.d.CF76EC87AAB419B27A992DDB0F4B8CA7.e.100}]&#10;Capabilities {acceptInsecureCerts: false, browserName: chrome, browserVersion: 129.0.6668.71, chrome: {chromedriverVersion: 129.0.6668.70 (df87d5cf12b1..., userDataDir: C:\Users\何劲锋\AppData\Local\...}, fedcm:accounts: true, goog:chromeOptions: {debuggerAddress: localhost:50504}, networkConnectionEnabled: false, pageLoadStrategy: normal, platformName: windows, proxy: Proxy(), se:cdp: ws://localhost:50504/devtoo..., se:cdpVersion: 129.0.6668.71, setWindowRect: true, strictFileInteractability: false, timeouts: {implicit: 0, pageLoad: 300000, script: 30000}, unhandledPromptBehavior: dismiss and notify, webauthn:extension:credBlob: true, webauthn:extension:largeBlob: true, webauthn:extension:minPinLength: true, webauthn:extension:prf: true, webauthn:virtualAuthenticators: true}&#10;Element: [[ChromeDriver: chrome on windows (65f410485d0b0707bf30c4a7ac3d0d9d)] -&gt; xpath: /html/body/div/div[2]/div/div/div[1]/div/div/div[3]/div/a]&#10;Session ID: 65f410485d0b0707bf30c4a7ac3d0d9d" type="org.openqa.selenium.ElementClickInterceptedException"><![CDATA[org.openqa.selenium.ElementClickInterceptedException: 
element click intercepted: Element <a data-v-0841e785="" href="#" class="btn">...</a> is not clickable at point (1235, 488). Other element would receive the click: <div data-v-72dfa45e="" data-v-0841e785="" class="slideVerify">...</div>
  (Session info: chrome=129.0.6668.71)
Build info: version: '4.25.0', revision: '8a8aea2337'
System info: os.name: 'Windows 11', os.arch: 'amd64', os.version: '10.0', java.version: '17.0.12'
Driver info: org.openqa.selenium.chrome.ChromeDriver
Command: [65f410485d0b0707bf30c4a7ac3d0d9d, clickElement {id=f.8631957E2327A8FFA8C84ACA03002565.d.CF76EC87AAB419B27A992DDB0F4B8CA7.e.100}]
Capabilities {acceptInsecureCerts: false, browserName: chrome, browserVersion: 129.0.6668.71, chrome: {chromedriverVersion: 129.0.6668.70 (df87d5cf12b1..., userDataDir: C:\Users\何劲锋\AppData\Local\...}, fedcm:accounts: true, goog:chromeOptions: {debuggerAddress: localhost:50504}, networkConnectionEnabled: false, pageLoadStrategy: normal, platformName: windows, proxy: Proxy(), se:cdp: ws://localhost:50504/devtoo..., se:cdpVersion: 129.0.6668.71, setWindowRect: true, strictFileInteractability: false, timeouts: {implicit: 0, pageLoad: 300000, script: 30000}, unhandledPromptBehavior: dismiss and notify, webauthn:extension:credBlob: true, webauthn:extension:largeBlob: true, webauthn:extension:minPinLength: true, webauthn:extension:prf: true, webauthn:virtualAuthenticators: true}
Element: [[ChromeDriver: chrome on windows (65f410485d0b0707bf30c4a7ac3d0d9d)] -> xpath: /html/body/div/div[2]/div/div/div[1]/div/div/div[3]/div/a]
Session ID: 65f410485d0b0707bf30c4a7ac3d0d9d
	at com.xiaohe.testcase.unitest.LoginTest.loginWithoutProtocol(LoginTest.java:85)
]]></failure>
  </testcase>
  <testcase name="slideDown" classname="com.xiaohe.testcase.unitest.LoginTest" time="0.238"/>
  <testcase name="slideUp" classname="com.xiaohe.testcase.unitest.LoginTest" time="0.265"/>
  <testcase name="verifylogin" classname="com.xiaohe.testcase.unitest.LoginTest" time="1.063">
    <failure message="element click intercepted: Element &lt;input data-v-551b3d6e=&quot;&quot; type=&quot;radio&quot; title=&quot;同意用户协议、隐私政策选择框&quot; class=&quot;iconfont radio checked&quot;&gt; is not clickable at point (1159, 437). Other element would receive the click: &lt;div data-v-72dfa45e=&quot;&quot; data-v-0841e785=&quot;&quot; class=&quot;slideVerify&quot;&gt;...&lt;/div&gt;&#10;  (Session info: chrome=129.0.6668.71)&#10;Build info: version: &apos;4.25.0&apos;, revision: &apos;8a8aea2337&apos;&#10;System info: os.name: &apos;Windows 11&apos;, os.arch: &apos;amd64&apos;, os.version: &apos;10.0&apos;, java.version: &apos;17.0.12&apos;&#10;Driver info: org.openqa.selenium.chrome.ChromeDriver&#10;Command: [65f410485d0b0707bf30c4a7ac3d0d9d, clickElement {id=f.8631957E2327A8FFA8C84ACA03002565.d.CF76EC87AAB419B27A992DDB0F4B8CA7.e.86}]&#10;Capabilities {acceptInsecureCerts: false, browserName: chrome, browserVersion: 129.0.6668.71, chrome: {chromedriverVersion: 129.0.6668.70 (df87d5cf12b1..., userDataDir: C:\Users\何劲锋\AppData\Local\...}, fedcm:accounts: true, goog:chromeOptions: {debuggerAddress: localhost:50504}, networkConnectionEnabled: false, pageLoadStrategy: normal, platformName: windows, proxy: Proxy(), se:cdp: ws://localhost:50504/devtoo..., se:cdpVersion: 129.0.6668.71, setWindowRect: true, strictFileInteractability: false, timeouts: {implicit: 0, pageLoad: 300000, script: 30000}, unhandledPromptBehavior: dismiss and notify, webauthn:extension:credBlob: true, webauthn:extension:largeBlob: true, webauthn:extension:minPinLength: true, webauthn:extension:prf: true, webauthn:virtualAuthenticators: true}&#10;Element: [[ChromeDriver: chrome on windows (65f410485d0b0707bf30c4a7ac3d0d9d)] -&gt; xpath: /html/body/div/div[2]/div/div/div[1]/div/div/div[3]/div/div[4]/input]&#10;Session ID: 65f410485d0b0707bf30c4a7ac3d0d9d" type="org.openqa.selenium.ElementClickInterceptedException"><![CDATA[org.openqa.selenium.ElementClickInterceptedException: 
element click intercepted: Element <input data-v-551b3d6e="" type="radio" title="同意用户协议、隐私政策选择框" class="iconfont radio checked"> is not clickable at point (1159, 437). Other element would receive the click: <div data-v-72dfa45e="" data-v-0841e785="" class="slideVerify">...</div>
  (Session info: chrome=129.0.6668.71)
Build info: version: '4.25.0', revision: '8a8aea2337'
System info: os.name: 'Windows 11', os.arch: 'amd64', os.version: '10.0', java.version: '17.0.12'
Driver info: org.openqa.selenium.chrome.ChromeDriver
Command: [65f410485d0b0707bf30c4a7ac3d0d9d, clickElement {id=f.8631957E2327A8FFA8C84ACA03002565.d.CF76EC87AAB419B27A992DDB0F4B8CA7.e.86}]
Capabilities {acceptInsecureCerts: false, browserName: chrome, browserVersion: 129.0.6668.71, chrome: {chromedriverVersion: 129.0.6668.70 (df87d5cf12b1..., userDataDir: C:\Users\何劲锋\AppData\Local\...}, fedcm:accounts: true, goog:chromeOptions: {debuggerAddress: localhost:50504}, networkConnectionEnabled: false, pageLoadStrategy: normal, platformName: windows, proxy: Proxy(), se:cdp: ws://localhost:50504/devtoo..., se:cdpVersion: 129.0.6668.71, setWindowRect: true, strictFileInteractability: false, timeouts: {implicit: 0, pageLoad: 300000, script: 30000}, unhandledPromptBehavior: dismiss and notify, webauthn:extension:credBlob: true, webauthn:extension:largeBlob: true, webauthn:extension:minPinLength: true, webauthn:extension:prf: true, webauthn:virtualAuthenticators: true}
Element: [[ChromeDriver: chrome on windows (65f410485d0b0707bf30c4a7ac3d0d9d)] -> xpath: /html/body/div/div[2]/div/div/div[1]/div/div/div[3]/div/div[4]/input]
Session ID: 65f410485d0b0707bf30c4a7ac3d0d9d
	at com.xiaohe.testcase.unitest.LoginTest.verifylogin(LoginTest.java:108)
]]></failure>
  </testcase>
</testsuite>